<?xml version="1.0" encoding="UTF-8"?>
<!-- Generated by org.testng.reporters.JUnitReportReporter -->
<testsuite hostname="dreambox" name="com.tests.AppTest" tests="1" failures="0" timestamp="8 Sep 2020 12:40:30 GMT" time="0.002" errors="0">
  <testcase name="shouldAnswerWithTrue" time="0.002" classname="com.tests.AppTest"/>
</testsuite> <!-- com.tests.AppTest -->
